node:events:487
      throw er; // Unhandled 'error' event
      ^

Error: listen EADDRINUSE: address already in use :::3000
    at Server.setupListenHandle [as _listen2] (node:net:2008:16)
    at listenInCluster (node:net:2065:12)
    at Server.listen (node:net:2170:7)
    at Object.<anonymous> (c:\Users\Deolin\Documents\Documents travail\Projet\StreetPhare\flutter_streetphare\test_servers\server_primary_v2.js:464:12)
    at Module._compile (node:internal/modules/cjs/loader:1873:14)
    at Object..js (node:internal/modules/cjs/loader:2013:10)
    at Module.load (node:internal/modules/cjs/loader:1596:32)
    at Module._load (node:internal/modules/cjs/loader:1398:12)
    at wrapModuleLoad (node:internal/modules/cjs/loader:255:19)
    at Module.executeUserEntryPoint [as runMain] (node:internal/modules/run_main:154:5)
Emitted 'error' event on Server instance at:
    at emitErrorNT (node:net:2044:8)
    at process.processTicksAndRejections (node:internal/process/task_queues:90:21) {
  code: 'EADDRINUSE',
  errno: -4091,
  syscall: 'listen',
  address: '::',
  port: 3000
}

Node.js v26.3.0
